<?xml version="1.0" encoding="UTF-8"?>
<testng-results ignored="0" total="1" passed="1" failed="0" skipped="0">
  <reporter-output>
  </reporter-output>
  <suite started-at="2021-10-24T18:35:52 CDT" name="Default suite" finished-at="2021-10-24T18:35:52 CDT" duration-ms="127">
    <groups>
    </groups>
    <test started-at="2021-10-24T18:35:52 CDT" name="Default test" finished-at="2021-10-24T18:35:52 CDT" duration-ms="127">
      <class name="ConvertJsonToclass">
        <test-method signature="test()[pri:0, instance:ConvertJsonToclass@79ad8b2f]" started-at="2021-10-24T18:35:52 CDT" name="test" finished-at="2021-10-24T18:35:52 CDT" duration-ms="73" status="PASS">
          <reporter-output>
          </reporter-output>
        </test-method> <!-- test -->
      </class> <!-- ConvertJsonToclass -->
    </test> <!-- Default test -->
  </suite> <!-- Default suite -->
</testng-results>
